<?xml version="1.0" encoding="UTF-8"?>
<testsuite xmlns:xsi="http://www.w3.org/2001/XMLSchema-instance" xsi:noNamespaceSchemaLocation="https://maven.apache.org/surefire/maven-surefire-plugin/xsd/surefire-test-report-3.0.xsd" version="3.0" name="br.com.fiap.alerta_cidadao.AlertaCidadaoApplicationTests" time="5.762" tests="1" errors="0" skipped="0" failures="0">
  <properties>
[...]
</properties>
  <testcase name="contextLoads" classname="br.com.fiap.alerta_cidadao.AlertaCidadaoApplicationTests" time="0.379">
    <system-out><![CDATA[21:23:38.923 [main] INFO org.springframework.test.context.support.AnnotationConfigContextLoaderUtils -- Could not detect default configuration classes for test class [br.com.fiap.alerta_cidadao.AlertaCidadaoApplicationTests]: AlertaCidadaoApplicationTests does not declare any static, non-private, non-final, nested classes annotated with @Configuration.
21:23:39.011 [main] INFO org.springframework.boot.test.context.SpringBootTestContextBootstrapper -- Found @SpringBootConfiguration br.com.fiap.alerta_cidadao.AlertaCidadaoApplication for test class br.com.fiap.alerta_cidadao.AlertaCidadaoApplicationTests

  .   ____          _            __ _ _
 /\\ / ___'_ __ _ _(_)_ __  __ _ \ \ \ \
( ( )\___ | '_ | '_| | '_ \/ _` | \ \ \ \
 \\/  ___)| |_)| | | | | || (_| |  ) ) ) )
  '  |____| .__|_| |_|_| |_\__, | / / / /
 =========|_|==============|___/=/_/_/_/
 :: Spring Boot ::                (v3.2.5)

2024-10-21T21:23:39.358-03:00  INFO 2240 --- [alerta_cidadao] [           main] b.c.f.a.AlertaCidadaoApplicationTests    : Starting AlertaCidadaoApplicationTests using Java 21.0.5 with PID 2240 (started by Andre in C:\Users\Andre\Desktop\alerta_cidadao)
2024-10-21T21:23:39.360-03:00  INFO 2240 --- [alerta_cidadao] [           main] b.c.f.a.AlertaCidadaoApplicationTests    : No active profile set, falling back to 1 default profile: "default"
2024-10-21T21:23:39.950-03:00  INFO 2240 --- [alerta_cidadao] [           main] .s.d.r.c.RepositoryConfigurationDelegate : Bootstrapping Spring Data JPA repositories in DEFAULT mode.
2024-10-21T21:23:40.014-03:00  INFO 2240 --- [alerta_cidadao] [           main] .s.d.r.c.RepositoryConfigurationDelegate : Finished Spring Data repository scanning in 53 ms. Found 6 JPA repository interfaces.
2024-10-21T21:23:40.460-03:00  INFO 2240 --- [alerta_cidadao] [           main] com.zaxxer.hikari.HikariDataSource       : HikariPool-1 - Starting...
2024-10-21T21:23:40.961-03:00  INFO 2240 --- [alerta_cidadao] [           main] com.zaxxer.hikari.pool.HikariPool        : HikariPool-1 - Added connection oracle.jdbc.driver.T4CConnection@373afd6c
2024-10-21T21:23:40.963-03:00  INFO 2240 --- [alerta_cidadao] [           main] com.zaxxer.hikari.HikariDataSource       : HikariPool-1 - Start completed.
2024-10-21T21:23:41.029-03:00  INFO 2240 --- [alerta_cidadao] [           main] o.f.c.internal.license.VersionPrinter    : Flyway Community Edition 9.22.3 by Redgate
2024-10-21T21:23:41.029-03:00  INFO 2240 --- [alerta_cidadao] [           main] o.f.c.internal.license.VersionPrinter    : See release notes here: https://rd.gt/416ObMi
2024-10-21T21:23:41.029-03:00  INFO 2240 --- [alerta_cidadao] [           main] o.f.c.internal.license.VersionPrinter    : 
2024-10-21T21:23:41.032-03:00 DEBUG 2240 --- [alerta_cidadao] [           main] o.f.c.i.s.classpath.ClassPathScanner     : Scanning for classpath resources at 'classpath:db/callback' ...
2024-10-21T21:23:41.033-03:00 DEBUG 2240 --- [alerta_cidadao] [           main] o.f.c.i.s.classpath.ClassPathScanner     : Determining location urls for classpath:db/callback using ClassLoader jdk.internal.loader.ClassLoaders$AppClassLoader@70dea4e ...
2024-10-21T21:23:41.033-03:00 DEBUG 2240 --- [alerta_cidadao] [           main] o.f.c.i.s.classpath.ClassPathScanner     : Unable to resolve location classpath:db/callback.
2024-10-21T21:23:41.033-03:00 DEBUG 2240 --- [alerta_cidadao] [           main] o.f.c.i.s.classpath.ClassPathScanner     : Scanning for classpath resources at 'classpath:db/migration' ...
2024-10-21T21:23:41.033-03:00 DEBUG 2240 --- [alerta_cidadao] [           main] o.f.c.i.s.classpath.ClassPathScanner     : Determining location urls for classpath:db/migration using ClassLoader jdk.internal.loader.ClassLoaders$AppClassLoader@70dea4e ...
2024-10-21T21:23:41.033-03:00 DEBUG 2240 --- [alerta_cidadao] [           main] o.f.c.i.s.classpath.ClassPathScanner     : Scanning URL: file:/C:/Users/Andre/Desktop/alerta_cidadao/target/classes/db/migration
2024-10-21T21:23:41.034-03:00 DEBUG 2240 --- [alerta_cidadao] [           main] i.s.c.FileSystemClassPathLocationScanner : Scanning starting at classpath root in filesystem: C:\Users\Andre\Desktop\alerta_cidadao\target\classes\
2024-10-21T21:23:41.034-03:00 DEBUG 2240 --- [alerta_cidadao] [           main] i.s.c.FileSystemClassPathLocationScanner : Scanning for resources in path: C:\Users\Andre\Desktop\alerta_cidadao\target\classes\db\migration (db/migration)
2024-10-21T21:23:41.036-03:00 DEBUG 2240 --- [alerta_cidadao] [           main] o.f.c.i.s.classpath.ClassPathScanner     : Found resource: db/migration/V1__tabelas.sql
2024-10-21T21:23:41.036-03:00 DEBUG 2240 --- [alerta_cidadao] [           main] o.f.c.i.s.classpath.ClassPathScanner     : Scanning for classes at classpath:db/migration
2024-10-21T21:23:41.038-03:00 DEBUG 2240 --- [alerta_cidadao] [           main] o.f.c.i.resource.ResourceNameValidator   : Validating V1__tabelas.sql
2024-10-21T21:23:41.044-03:00  INFO 2240 --- [alerta_cidadao] [           main] org.flywaydb.core.FlywayExecutor         : Database: jdbc:oracle:thin:@oracle.fiap.com.br:1521:ORCL (Oracle 19.0)
2024-10-21T21:23:41.044-03:00 DEBUG 2240 --- [alerta_cidadao] [           main] org.flywaydb.core.FlywayExecutor         : Driver: Oracle JDBC driver 21.9.0.0.0
2024-10-21T21:23:41.044-03:00 DEBUG 2240 --- [alerta_cidadao] [           main] org.flywaydb.core.FlywayExecutor         : DDL Transactions Supported: false
2024-10-21T21:23:41.045-03:00 DEBUG 2240 --- [alerta_cidadao] [           main] o.f.c.i.s.SchemaHistoryFactory           : Schemas: 
2024-10-21T21:23:41.045-03:00 DEBUG 2240 --- [alerta_cidadao] [           main] o.f.c.i.s.SchemaHistoryFactory           : Default schema: null
2024-10-21T21:23:41.235-03:00 DEBUG 2240 --- [alerta_cidadao] [           main] o.f.c.i.c.SqlScriptCallbackFactory       : Scanning for SQL callbacks ...
2024-10-21T21:23:41.263-03:00 DEBUG 2240 --- [alerta_cidadao] [           main] o.f.core.internal.command.DbValidate     : Validating migrations ...
2024-10-21T21:23:41.274-03:00 DEBUG 2240 --- [alerta_cidadao] [           main] o.f.core.internal.scanner.Scanner        : Filtering out resource: db/migration/V1__tabelas.sql (filename: V1__tabelas.sql)
2024-10-21T21:23:41.275-03:00 DEBUG 2240 --- [alerta_cidadao] [           main] o.f.core.internal.scanner.Scanner        : Filtering out resource: db/migration/V1__tabelas.sql (filename: V1__tabelas.sql)
2024-10-21T21:23:41.333-03:00  INFO 2240 --- [alerta_cidadao] [           main] o.f.core.internal.command.DbValidate     : Successfully validated 3 migrations (execution time 00:00.069s)
2024-10-21T21:23:41.369-03:00 DEBUG 2240 --- [alerta_cidadao] [           main] o.f.core.internal.command.DbSchemas      : Skipping creation of existing schema: "RM550895"
2024-10-21T21:23:41.481-03:00  INFO 2240 --- [alerta_cidadao] [           main] o.f.core.internal.command.DbMigrate      : Current version of schema "RM550895": 2
2024-10-21T21:23:41.482-03:00  WARN 2240 --- [alerta_cidadao] [           main] o.f.core.internal.command.DbMigrate      : Schema "RM550895" has a version (2) that is newer than the latest available migration (1) !
2024-10-21T21:23:41.509-03:00  INFO 2240 --- [alerta_cidadao] [           main] o.f.core.internal.command.DbMigrate      : Schema "RM550895" is up to date. No migration necessary.
2024-10-21T21:23:41.565-03:00 DEBUG 2240 --- [alerta_cidadao] [           main] org.flywaydb.core.FlywayExecutor         : Memory usage: 46 of 64M
2024-10-21T21:23:41.662-03:00  INFO 2240 --- [alerta_cidadao] [           main] o.hibernate.jpa.internal.util.LogHelper  : HHH000204: Processing PersistenceUnitInfo [name: default]
2024-10-21T21:23:41.717-03:00  INFO 2240 --- [alerta_cidadao] [           main] org.hibernate.Version                    : HHH000412: Hibernate ORM core version 6.4.4.Final
2024-10-21T21:23:41.746-03:00  INFO 2240 --- [alerta_cidadao] [           main] o.h.c.internal.RegionFactoryInitiator    : HHH000026: Second-level cache disabled
2024-10-21T21:23:41.954-03:00  INFO 2240 --- [alerta_cidadao] [           main] o.s.o.j.p.SpringPersistenceUnitInfo      : No LoadTimeWeaver setup: ignoring JPA class transformer
2024-10-21T21:23:42.871-03:00  INFO 2240 --- [alerta_cidadao] [           main] o.h.e.t.j.p.i.JtaPlatformInitiator       : HHH000489: No JTA platform available (set 'hibernate.transaction.jta.platform' to enable JTA platform integration)
2024-10-21T21:23:42.874-03:00  INFO 2240 --- [alerta_cidadao] [           main] j.LocalContainerEntityManagerFactoryBean : Initialized JPA EntityManagerFactory for persistence unit 'default'
2024-10-21T21:23:43.209-03:00  INFO 2240 --- [alerta_cidadao] [           main] o.s.d.j.r.query.QueryEnhancerFactory     : Hibernate is in classpath; If applicable, HQL parser will be used.
2024-10-21T21:23:43.633-03:00  WARN 2240 --- [alerta_cidadao] [           main] JpaBaseConfiguration$JpaWebConfiguration : spring.jpa.open-in-view is enabled by default. Therefore, database queries may be performed during view rendering. Explicitly configure spring.jpa.open-in-view to disable this warning
2024-10-21T21:23:43.880-03:00  INFO 2240 --- [alerta_cidadao] [           main] o.s.s.web.DefaultSecurityFilterChain     : Will secure any request with [org.springframework.security.web.session.DisableEncodeUrlFilter@71bb6009, org.springframework.security.web.context.request.async.WebAsyncManagerIntegrationFilter@2f8cb4c9, org.springframework.security.web.context.SecurityContextHolderFilter@3cced001, org.springframework.security.web.header.HeaderWriterFilter@69aecbba, org.springframework.web.filter.CorsFilter@7934164c, org.springframework.security.web.authentication.logout.LogoutFilter@40cdc640, br.com.fiap.alerta_cidadao.security.VerifyToken@7e44f989, org.springframework.security.web.savedrequest.RequestCacheAwareFilter@79d31e24, org.springframework.security.web.servletapi.SecurityContextHolderAwareRequestFilter@f243d5c, org.springframework.security.web.authentication.AnonymousAuthenticationFilter@93a793a, org.springframework.security.web.session.SessionManagementFilter@79753f20, org.springframework.security.web.access.ExceptionTranslationFilter@75583206, org.springframework.security.web.access.intercept.AuthorizationFilter@667713c4]
2024-10-21T21:23:44.152-03:00  INFO 2240 --- [alerta_cidadao] [           main] b.c.f.a.AlertaCidadaoApplicationTests    : Started AlertaCidadaoApplicationTests in 5.016 seconds (process running for 5.809)
]]></system-out>
    <system-err><![CDATA[WARNING: A Java agent has been loaded dynamically (C:\Users\Andre\.m2\repository\net\bytebuddy\byte-buddy-agent\1.14.13\byte-buddy-agent-1.14.13.jar)
WARNING: If a serviceability tool is in use, please run with -XX:+EnableDynamicAgentLoading to hide this warning
WARNING: If a serviceability tool is not in use, please run with -Djdk.instrument.traceUsage for more information
WARNING: Dynamic loading of agents will be disallowed by default in a future release
]]></system-err>
  </testcase>
</testsuite>